app/build/intermediates/manifest_merge_blame_file/release/processReleaseMainManifest/manifest-merger-blame-release-report.txt
1<?xml version="1.0" encoding="utf-8"?>
2<manifest xmlns:android="http://schemas.android.com/apk/res/android"
3    package="com.nukie.ambientvolume"
4    android:versionCode="31"
5    android:versionName="1.9.0" >
6
7    <uses-sdk
8        android:minSdkVersion="28"
9        android:targetSdkVersion="34" />
10
11    <!-- Permission to record audio for ambient noise detection -->
12    <uses-permission android:name="android.permission.RECORD_AUDIO" />
12-->src\main\AndroidManifest.xml:6:5-71
12-->src\main\AndroidManifest.xml:6:22-68
13
14    <!-- Permission to modify system and Bluetooth volume -->
15    <uses-permission android:name="android.permission.MODIFY_AUDIO_SETTINGS" />
15-->src\main\AndroidManifest.xml:9:5-80
15-->src\main\AndroidManifest.xml:9:22-77
16
17    <!-- Permissions for Bluetooth Management (Android 12+ / API 31+) -->
18    <!-- Required to connect to and manage Bluetooth devices -->
19    <uses-permission android:name="android.permission.BLUETOOTH_CONNECT" />
19-->src\main\AndroidManifest.xml:13:5-76
19-->src\main\AndroidManifest.xml:13:22-73
20    <uses-permission
20-->src\main\AndroidManifest.xml:14:5-120
21        android:name="android.permission.BLUETOOTH_SCAN"
21-->src\main\AndroidManifest.xml:14:22-70
22        android:usesPermissionFlags="neverForLocation" />
22-->src\main\AndroidManifest.xml:14:71-117
23
24    <!-- Legacy Bluetooth permissions for backward compatibility (optional but good practice) -->
25    <uses-permission
25-->src\main\AndroidManifest.xml:17:5-95
26        android:name="android.permission.BLUETOOTH"
26-->src\main\AndroidManifest.xml:17:22-65
27        android:maxSdkVersion="30" />
27-->src\main\AndroidManifest.xml:17:66-92
28    <uses-permission
28-->src\main\AndroidManifest.xml:18:5-101
29        android:name="android.permission.BLUETOOTH_ADMIN"
29-->src\main\AndroidManifest.xml:18:22-71
30        android:maxSdkVersion="30" />
30-->src\main\AndroidManifest.xml:18:72-98
31
32    <!-- Permissions for Foreground Service and Notifications -->
33    <uses-permission android:name="android.permission.FOREGROUND_SERVICE" />
33-->src\main\AndroidManifest.xml:21:5-77
33-->src\main\AndroidManifest.xml:21:22-74
34    <uses-permission android:name="android.permission.FOREGROUND_SERVICE_MICROPHONE" />
34-->src\main\AndroidManifest.xml:22:5-88
34-->src\main\AndroidManifest.xml:22:22-85
35    <uses-permission android:name="android.permission.POST_NOTIFICATIONS" />
35-->src\main\AndroidManifest.xml:23:5-77
35-->src\main\AndroidManifest.xml:23:22-74
36
37    <!-- Permission to deep link directly to battery optimization settings -->
38    <uses-permission android:name="android.permission.REQUEST_IGNORE_BATTERY_OPTIMIZATIONS" />
38-->src\main\AndroidManifest.xml:26:5-95
38-->src\main\AndroidManifest.xml:26:22-92
39
40    <!-- Permission for haptic feedback on volume changes -->
41    <uses-permission android:name="android.permission.VIBRATE" />
41-->src\main\AndroidManifest.xml:29:5-66
41-->src\main\AndroidManifest.xml:29:22-63
42
43    <!-- Permission to restart service on boot -->
44    <uses-permission android:name="android.permission.RECEIVE_BOOT_COMPLETED" />
44-->src\main\AndroidManifest.xml:32:5-81
44-->src\main\AndroidManifest.xml:32:22-78
45
46    <!-- Storage permission for log export (Deferred JIT request) -->
47    <uses-permission
47-->src\main\AndroidManifest.xml:35:5-107
48        android:name="android.permission.READ_EXTERNAL_STORAGE"
48-->src\main\AndroidManifest.xml:35:22-77
49        android:maxSdkVersion="32" />
49-->src\main\AndroidManifest.xml:35:78-104
50    <uses-permission
50-->src\main\AndroidManifest.xml:36:5-108
51        android:name="android.permission.WRITE_EXTERNAL_STORAGE"
51-->src\main\AndroidManifest.xml:36:22-78
52        android:maxSdkVersion="29" />
52-->src\main\AndroidManifest.xml:36:79-105
53
54    <permission
54-->[androidx.core:core:1.18.0] AndroidManifest.xml:22:5-24:47
55        android:name="com.nukie.ambientvolume.DYNAMIC_RECEIVER_NOT_EXPORTED_PERMISSION"
55-->[androidx.core:core:1.18.0] AndroidManifest.xml:23:9-81
56        android:protectionLevel="signature" />
56-->[androidx.core:core:1.18.0] AndroidManifest.xml:24:9-44
57
58    <uses-permission android:name="com.nukie.ambientvolume.DYNAMIC_RECEIVER_NOT_EXPORTED_PERMISSION" />
58-->[androidx.core:core:1.18.0] AndroidManifest.xml:26:5-97
58-->[androidx.core:core:1.18.0] AndroidManifest.xml:26:22-94
59
60    <application
60-->src\main\AndroidManifest.xml:38:5-69:19
61        android:appComponentFactory="androidx.core.app.CoreComponentFactory"
61-->[androidx.core:core:1.18.0] AndroidManifest.xml:28:18-86
62        android:extractNativeLibs="false"
63        android:icon="@mipmap/ic_launcher_new"
63-->src\main\AndroidManifest.xml:39:9-47
64        android:label="@string/app_name"
64-->src\main\AndroidManifest.xml:41:9-41
65        android:roundIcon="@mipmap/ic_launcher_new"
65-->src\main\AndroidManifest.xml:40:9-52
66        android:supportsRtl="true"
66-->src\main\AndroidManifest.xml:42:9-35
67        android:theme="@android:style/Theme.DeviceDefault.NoActionBar" >
67-->src\main\AndroidManifest.xml:43:9-71
68        <activity
68-->src\main\AndroidManifest.xml:44:9-51:20
69            android:name="com.nukie.ambientvolume.MainActivity"
69-->src\main\AndroidManifest.xml:45:13-41
70            android:exported="true" >
70-->src\main\AndroidManifest.xml:46:13-36
71            <intent-filter>
71-->src\main\AndroidManifest.xml:47:13-50:29
72                <action android:name="android.intent.action.MAIN" />
72-->src\main\AndroidManifest.xml:48:17-69
72-->src\main\AndroidManifest.xml:48:25-66
73
74                <category android:name="android.intent.category.LAUNCHER" />
74-->src\main\AndroidManifest.xml:49:17-77
74-->src\main\AndroidManifest.xml:49:27-74
75            </intent-filter>
76        </activity>
77
78        <!-- Ambient Volume Background Service -->
79        <service
79-->src\main\AndroidManifest.xml:54:9-58:36
80            android:name="com.nukie.ambientvolume.service.VolumeControlService"
80-->src\main\AndroidManifest.xml:55:13-57
81            android:exported="false"
81-->src\main\AndroidManifest.xml:56:13-37
82            android:foregroundServiceType="microphone" />
82-->src\main\AndroidManifest.xml:57:13-55
83
84        <!-- Auto-Start Receiver for Reboots and Updates -->
85        <receiver
85-->src\main\AndroidManifest.xml:61:9-68:20
86            android:name="com.nukie.ambientvolume.BootReceiver"
86-->src\main\AndroidManifest.xml:62:13-41
87            android:exported="true" >
87-->src\main\AndroidManifest.xml:63:13-36
88            <intent-filter>
88-->src\main\AndroidManifest.xml:64:13-67:29
89                <action android:name="android.intent.action.BOOT_COMPLETED" />
89-->src\main\AndroidManifest.xml:65:17-79
89-->src\main\AndroidManifest.xml:65:25-76
90                <action android:name="android.intent.action.MY_PACKAGE_REPLACED" />
90-->src\main\AndroidManifest.xml:66:17-84
90-->src\main\AndroidManifest.xml:66:25-81
91            </intent-filter>
92        </receiver>
93
94        <provider
94-->[androidx.emoji2:emoji2:1.4.0] AndroidManifest.xml:24:9-32:20
95            android:name="androidx.startup.InitializationProvider"
95-->[androidx.emoji2:emoji2:1.4.0] AndroidManifest.xml:25:13-67
96            android:authorities="com.nukie.ambientvolume.androidx-startup"
96-->[androidx.emoji2:emoji2:1.4.0] AndroidManifest.xml:26:13-68
97            android:exported="false" >
97-->[androidx.emoji2:emoji2:1.4.0] AndroidManifest.xml:27:13-37
98            <meta-data
98-->[androidx.emoji2:emoji2:1.4.0] AndroidManifest.xml:29:13-31:52
99                android:name="androidx.emoji2.text.EmojiCompatInitializer"
99-->[androidx.emoji2:emoji2:1.4.0] AndroidManifest.xml:30:17-75
100                android:value="androidx.startup" />
100-->[androidx.emoji2:emoji2:1.4.0] AndroidManifest.xml:31:17-49
101            <meta-data
101-->[androidx.lifecycle:lifecycle-process:2.10.0] AndroidManifest.xml:29:13-31:52
102                android:name="androidx.lifecycle.ProcessLifecycleInitializer"
102-->[androidx.lifecycle:lifecycle-process:2.10.0] AndroidManifest.xml:30:17-78
103                android:value="androidx.startup" />
103-->[androidx.lifecycle:lifecycle-process:2.10.0] AndroidManifest.xml:31:17-49
104            <meta-data
104-->[androidx.profileinstaller:profileinstaller:1.4.0] AndroidManifest.xml:29:13-31:52
105                android:name="androidx.profileinstaller.ProfileInstallerInitializer"
105-->[androidx.profileinstaller:profileinstaller:1.4.0] AndroidManifest.xml:30:17-85
106                android:value="androidx.startup" />
106-->[androidx.profileinstaller:profileinstaller:1.4.0] AndroidManifest.xml:31:17-49
107        </provider>
108
109        <receiver
109-->[androidx.profileinstaller:profileinstaller:1.4.0] AndroidManifest.xml:34:9-52:20
110            android:name="androidx.profileinstaller.ProfileInstallReceiver"
110-->[androidx.profileinstaller:profileinstaller:1.4.0] AndroidManifest.xml:35:13-76
111            android:directBootAware="false"
111-->[androidx.profileinstaller:profileinstaller:1.4.0] AndroidManifest.xml:36:13-44
112            android:enabled="true"
112-->[androidx.profileinstaller:profileinstaller:1.4.0] AndroidManifest.xml:37:13-35
113            android:exported="true"
113-->[androidx.profileinstaller:profileinstaller:1.4.0] AndroidManifest.xml:38:13-36
114            android:permission="android.permission.DUMP" >
114-->[androidx.profileinstaller:profileinstaller:1.4.0] AndroidManifest.xml:39:13-57
115            <intent-filter>
115-->[androidx.profileinstaller:profileinstaller:1.4.0] AndroidManifest.xml:40:13-42:29
116                <action android:name="androidx.profileinstaller.action.INSTALL_PROFILE" />
116-->[androidx.profileinstaller:profileinstaller:1.4.0] AndroidManifest.xml:41:17-91
116-->[androidx.profileinstaller:profileinstaller:1.4.0] AndroidManifest.xml:41:25-88
117            </intent-filter>
118            <intent-filter>
118-->[androidx.profileinstaller:profileinstaller:1.4.0] AndroidManifest.xml:43:13-45:29
119                <action android:name="androidx.profileinstaller.action.SKIP_FILE" />
119-->[androidx.profileinstaller:profileinstaller:1.4.0] AndroidManifest.xml:44:17-85
119-->[androidx.profileinstaller:profileinstaller:1.4.0] AndroidManifest.xml:44:25-82
120            </intent-filter>
121            <intent-filter>
121-->[androidx.profileinstaller:profileinstaller:1.4.0] AndroidManifest.xml:46:13-48:29
122                <action android:name="androidx.profileinstaller.action.SAVE_PROFILE" />
122-->[androidx.profileinstaller:profileinstaller:1.4.0] AndroidManifest.xml:47:17-88
122-->[androidx.profileinstaller:profileinstaller:1.4.0] AndroidManifest.xml:47:25-85
123            </intent-filter>
124            <intent-filter>
124-->[androidx.profileinstaller:profileinstaller:1.4.0] AndroidManifest.xml:49:13-51:29
125                <action android:name="androidx.profileinstaller.action.BENCHMARK_OPERATION" />
125-->[androidx.profileinstaller:profileinstaller:1.4.0] AndroidManifest.xml:50:17-95
125-->[androidx.profileinstaller:profileinstaller:1.4.0] AndroidManifest.xml:50:25-92
126            </intent-filter>
127        </receiver>
128    </application>
129
130</manifest>